ioman_IMPORTS_start
I_AddDrv
I_DelDrv
ioman_IMPORTS_end

sysmem_IMPORTS_start
I_AllocSysMemory
I_FreeSysMemory
sysmem_IMPORTS_end

sysclib_IMPORTS_start
I_memcpy
I_memset
I_strncmp
I_strcmp
I_strcpy
I_strcat
I_strlen
sysclib_IMPORTS_end

thbase_IMPORTS_start
I_DelayThread
thbase_IMPORTS_end

stdio_IMPORTS_start
I_printf
stdio_IMPORTS_end

thsemap_IMPORTS_start
I_CreateSema
I_DeleteSema
I_SignalSema
I_WaitSema
thsemap_IMPORTS_end

cdvddrvr_IMPORTS_start
I_CdInit
I_CdRead
I_CdSync
I_CdGetLastError
I_CdCheckCmd
I_CdApplySCmd
cdvddrvr_IMPORTS_end
